\BOOKMARK [0][-]{chapter.1}{\376\377\000N\000a\000m\000e\000s\000p\000a\000c\000e\000\040\000I\000n\000d\000e\000x}{}% 1
\BOOKMARK [1][-]{section.1.1}{\376\377\000N\000a\000m\000e\000s\000p\000a\000c\000e\000\040\000L\000i\000s\000t}{chapter.1}% 2
\BOOKMARK [0][-]{chapter.2}{\376\377\000C\000l\000a\000s\000s\000\040\000I\000n\000d\000e\000x}{}% 3
\BOOKMARK [1][-]{section.2.1}{\376\377\000C\000l\000a\000s\000s\000\040\000L\000i\000s\000t}{chapter.2}% 4
\BOOKMARK [0][-]{chapter.3}{\376\377\000F\000i\000l\000e\000\040\000I\000n\000d\000e\000x}{}% 5
\BOOKMARK [1][-]{section.3.1}{\376\377\000F\000i\000l\000e\000\040\000L\000i\000s\000t}{chapter.3}% 6
\BOOKMARK [0][-]{chapter.4}{\376\377\000N\000a\000m\000e\000s\000p\000a\000c\000e\000\040\000D\000o\000c\000u\000m\000e\000n\000t\000a\000t\000i\000o\000n}{}% 7
\BOOKMARK [1][-]{section.4.1}{\376\377\000U\000i\000\040\000N\000a\000m\000e\000s\000p\000a\000c\000e\000\040\000R\000e\000f\000e\000r\000e\000n\000c\000e}{chapter.4}% 8
\BOOKMARK [0][-]{chapter.5}{\376\377\000C\000l\000a\000s\000s\000\040\000D\000o\000c\000u\000m\000e\000n\000t\000a\000t\000i\000o\000n}{}% 9
\BOOKMARK [1][-]{section.5.1}{\376\377\000C\000a\000l\000i\000b\000r\000a\000t\000i\000o\000n\000\040\000C\000l\000a\000s\000s\000\040\000R\000e\000f\000e\000r\000e\000n\000c\000e}{chapter.5}% 10
\BOOKMARK [2][-]{subsection.5.1.1}{\376\377\000D\000e\000t\000a\000i\000l\000e\000d\000\040\000D\000e\000s\000c\000r\000i\000p\000t\000i\000o\000n}{section.5.1}% 11
\BOOKMARK [2][-]{subsection.5.1.2}{\376\377\000M\000e\000m\000b\000e\000r\000\040\000T\000y\000p\000e\000d\000e\000f\000\040\000D\000o\000c\000u\000m\000e\000n\000t\000a\000t\000i\000o\000n}{section.5.1}% 12
\BOOKMARK [3][-]{subsubsection.5.1.2.1}{\376\377\000D\000a\000t\000a\000T\000y\000p\000e}{subsection.5.1.2}% 13
\BOOKMARK [2][-]{subsection.5.1.3}{\376\377\000M\000e\000m\000b\000e\000r\000\040\000F\000u\000n\000c\000t\000i\000o\000n\000\040\000D\000o\000c\000u\000m\000e\000n\000t\000a\000t\000i\000o\000n}{section.5.1}% 14
\BOOKMARK [3][-]{subsubsection.5.1.3.1}{\376\377\000C\000a\000l\000i\000b\000r\000a\000t\000e}{subsection.5.1.3}% 15
\BOOKMARK [3][-]{subsubsection.5.1.3.2}{\376\377\000C\000l\000e\000a\000r\000I\000m\000a\000g\000e\000P\000o\000i\000n\000t\000s}{subsection.5.1.3}% 16
\BOOKMARK [3][-]{subsubsection.5.1.3.3}{\376\377\000C\000l\000e\000a\000r\000T\000r\000a\000n\000s\000f\000o\000r\000m\000a\000t\000i\000o\000n\000s}{subsection.5.1.3}% 17
\BOOKMARK [3][-]{subsubsection.5.1.3.4}{\376\377\000g\000e\000t\000E\000s\000t\000i\000m\000a\000t\000e\000d\000U\000S\000C\000a\000l\000i\000b\000r\000a\000t\000i\000o\000n\000P\000a\000r\000a\000m\000e\000t\000e\000r\000s}{subsection.5.1.3}% 18
\BOOKMARK [3][-]{subsubsection.5.1.3.5}{\376\377\000I\000n\000s\000e\000r\000t\000I\000m\000a\000g\000e\000P\000o\000i\000n\000t\000s}{subsection.5.1.3}% 19
\BOOKMARK [3][-]{subsubsection.5.1.3.6}{\376\377\000I\000n\000s\000e\000r\000t\000T\000r\000a\000n\000s\000f\000o\000r\000m\000a\000t\000i\000o\000n\000s}{subsection.5.1.3}% 20
\BOOKMARK [3][-]{subsubsection.5.1.3.7}{\376\377\000N\000e\000w}{subsection.5.1.3}% 21
\BOOKMARK [2][-]{subsection.5.1.4}{\376\377\000M\000e\000m\000b\000e\000r\000\040\000D\000a\000t\000a\000\040\000D\000o\000c\000u\000m\000e\000n\000t\000a\000t\000i\000o\000n}{section.5.1}% 22
\BOOKMARK [3][-]{subsubsection.5.1.4.1}{\376\377\000d\000a\000t\000a}{subsection.5.1.4}% 23
\BOOKMARK [3][-]{subsubsection.5.1.4.2}{\376\377\000e\000s\000t\000i\000m\000a\000t\000e\000d\000U\000S\000C\000a\000l\000i\000b\000r\000a\000t\000i\000o\000n\000P\000a\000r\000a\000m\000e\000t\000e\000r\000s}{subsection.5.1.4}% 24
\BOOKMARK [3][-]{subsubsection.5.1.4.3}{\376\377\000i\000m\000a\000g\000e\000P\000o\000i\000n\000t\000s}{subsection.5.1.4}% 25
\BOOKMARK [3][-]{subsubsection.5.1.4.4}{\376\377\000t\000r\000a\000n\000s\000f\000o\000r\000m\000a\000t\000i\000o\000n\000s}{subsection.5.1.4}% 26
\BOOKMARK [1][-]{section.5.2}{\376\377\000M\000a\000i\000n\000W\000i\000n\000d\000o\000w\000\040\000C\000l\000a\000s\000s\000\040\000R\000e\000f\000e\000r\000e\000n\000c\000e}{chapter.5}% 27
\BOOKMARK [2][-]{subsection.5.2.1}{\376\377\000D\000e\000t\000a\000i\000l\000e\000d\000\040\000D\000e\000s\000c\000r\000i\000p\000t\000i\000o\000n}{section.5.2}% 28
\BOOKMARK [2][-]{subsection.5.2.2}{\376\377\000C\000o\000n\000s\000t\000r\000u\000c\000t\000o\000r\000\040\000\046\000\040\000D\000e\000s\000t\000r\000u\000c\000t\000o\000r\000\040\000D\000o\000c\000u\000m\000e\000n\000t\000a\000t\000i\000o\000n}{section.5.2}% 29
\BOOKMARK [3][-]{subsubsection.5.2.2.1}{\376\377\000M\000a\000i\000n\000W\000i\000n\000d\000o\000w}{subsection.5.2.2}% 30
\BOOKMARK [3][-]{subsubsection.5.2.2.2}{\376\377\000M\000a\000i\000n\000W\000i\000n\000d\000o\000w}{subsection.5.2.2}% 31
\BOOKMARK [2][-]{subsection.5.2.3}{\376\377\000M\000e\000m\000b\000e\000r\000\040\000F\000u\000n\000c\000t\000i\000o\000n\000\040\000D\000o\000c\000u\000m\000e\000n\000t\000a\000t\000i\000o\000n}{section.5.2}% 32
\BOOKMARK [3][-]{subsubsection.5.2.3.1}{\376\377\000a\000d\000d\000I\000m\000a\000g\000e\000s}{subsection.5.2.3}% 33
\BOOKMARK [3][-]{subsubsection.5.2.3.2}{\376\377\000a\000d\000d\000L\000o\000g\000T\000e\000x\000t}{subsection.5.2.3}% 34
\BOOKMARK [3][-]{subsubsection.5.2.3.3}{\376\377\000d\000i\000s\000p\000l\000a\000y\000S\000e\000l\000e\000c\000t\000e\000d\000I\000m\000a\000g\000e}{subsection.5.2.3}% 35
\BOOKMARK [3][-]{subsubsection.5.2.3.4}{\376\377\000g\000e\000t\000D\000i\000s\000p\000l\000a\000y\000W\000i\000d\000g\000e\000t}{subsection.5.2.3}% 36
\BOOKMARK [3][-]{subsubsection.5.2.3.5}{\376\377\000p\000r\000i\000n\000t}{subsection.5.2.3}% 37
\BOOKMARK [3][-]{subsubsection.5.2.3.6}{\376\377\000p\000r\000o\000b\000e\000C\000a\000l\000i\000b\000r\000a\000t\000i\000o\000n}{subsection.5.2.3}% 38
\BOOKMARK [2][-]{subsection.5.2.4}{\376\377\000M\000e\000m\000b\000e\000r\000\040\000D\000a\000t\000a\000\040\000D\000o\000c\000u\000m\000e\000n\000t\000a\000t\000i\000o\000n}{section.5.2}% 39
\BOOKMARK [3][-]{subsubsection.5.2.4.1}{\376\377\000C\000o\000n\000n\000e\000c\000t\000i\000o\000n\000s}{subsection.5.2.4}% 40
\BOOKMARK [3][-]{subsubsection.5.2.4.2}{\376\377\000d\000i\000s\000p\000l\000a\000y\000W\000i\000d\000g\000e\000t}{subsection.5.2.4}% 41
\BOOKMARK [3][-]{subsubsection.5.2.4.3}{\376\377\000i\000m\000a\000g\000e\000s\000F\000i\000l\000e\000n\000a\000m\000e\000s}{subsection.5.2.4}% 42
\BOOKMARK [3][-]{subsubsection.5.2.4.4}{\376\377\000t\000e\000x\000t\000O\000n\000T\000e\000x\000t\000A\000r\000e\000a}{subsection.5.2.4}% 43
\BOOKMARK [3][-]{subsubsection.5.2.4.5}{\376\377\000u\000i}{subsection.5.2.4}% 44
\BOOKMARK [1][-]{section.5.3}{\376\377\000P\000r\000o\000b\000e\000C\000a\000l\000i\000b\000r\000a\000t\000i\000o\000n\000W\000i\000d\000g\000e\000t\000\040\000C\000l\000a\000s\000s\000\040\000R\000e\000f\000e\000r\000e\000n\000c\000e}{chapter.5}% 45
\BOOKMARK [2][-]{subsection.5.3.1}{\376\377\000D\000e\000t\000a\000i\000l\000e\000d\000\040\000D\000e\000s\000c\000r\000i\000p\000t\000i\000o\000n}{section.5.3}% 46
\BOOKMARK [2][-]{subsection.5.3.2}{\376\377\000C\000o\000n\000s\000t\000r\000u\000c\000t\000o\000r\000\040\000\046\000\040\000D\000e\000s\000t\000r\000u\000c\000t\000o\000r\000\040\000D\000o\000c\000u\000m\000e\000n\000t\000a\000t\000i\000o\000n}{section.5.3}% 47
\BOOKMARK [3][-]{subsubsection.5.3.2.1}{\376\377\000P\000r\000o\000b\000e\000C\000a\000l\000i\000b\000r\000a\000t\000i\000o\000n\000W\000i\000d\000g\000e\000t}{subsection.5.3.2}% 48
\BOOKMARK [3][-]{subsubsection.5.3.2.2}{\376\377\000P\000r\000o\000b\000e\000C\000a\000l\000i\000b\000r\000a\000t\000i\000o\000n\000W\000i\000d\000g\000e\000t}{subsection.5.3.2}% 49
\BOOKMARK [2][-]{subsection.5.3.3}{\376\377\000M\000e\000m\000b\000e\000r\000\040\000F\000u\000n\000c\000t\000i\000o\000n\000\040\000D\000o\000c\000u\000m\000e\000n\000t\000a\000t\000i\000o\000n}{section.5.3}% 50
\BOOKMARK [3][-]{subsubsection.5.3.3.1}{\376\377\000c\000a\000l\000i\000b\000r\000a\000t\000e}{subsection.5.3.3}% 51
\BOOKMARK [3][-]{subsubsection.5.3.3.2}{\376\377\000c\000r\000o\000p}{subsection.5.3.3}% 52
\BOOKMARK [3][-]{subsubsection.5.3.3.3}{\376\377\000c\000r\000o\000p\000P\000r\000o\000b\000e\000I\000m\000a\000g\000e}{subsection.5.3.3}% 53
\BOOKMARK [3][-]{subsubsection.5.3.3.4}{\376\377\000g\000e\000t\000C\000o\000o\000r\000d\000i\000n\000a\000t\000e\000s}{subsection.5.3.3}% 54
\BOOKMARK [3][-]{subsubsection.5.3.3.5}{\376\377\000l\000o\000a\000d\000R\000o\000t\000a\000t\000i\000o\000n\000s\000F\000i\000l\000e}{subsection.5.3.3}% 55
\BOOKMARK [3][-]{subsubsection.5.3.3.6}{\376\377\000l\000o\000a\000d\000T\000r\000a\000n\000s\000l\000a\000t\000i\000o\000n\000s\000F\000i\000l\000e}{subsection.5.3.3}% 56
\BOOKMARK [3][-]{subsubsection.5.3.3.7}{\376\377\000s\000a\000v\000e\000C\000a\000l\000i\000b\000r\000a\000t\000i\000o\000n}{subsection.5.3.3}% 57
\BOOKMARK [3][-]{subsubsection.5.3.3.8}{\376\377\000s\000e\000t\000I\000m\000a\000g\000e}{subsection.5.3.3}% 58
\BOOKMARK [3][-]{subsubsection.5.3.3.9}{\376\377\000s\000e\000t\000I\000m\000a\000g\000e\000S\000t\000a\000c\000k}{subsection.5.3.3}% 59
\BOOKMARK [3][-]{subsubsection.5.3.3.10}{\376\377\000s\000e\000t\000M\000a\000i\000n\000W\000i\000n\000d\000o\000w}{subsection.5.3.3}% 60
\BOOKMARK [2][-]{subsection.5.3.4}{\376\377\000M\000e\000m\000b\000e\000r\000\040\000D\000a\000t\000a\000\040\000D\000o\000c\000u\000m\000e\000n\000t\000a\000t\000i\000o\000n}{section.5.3}% 61
\BOOKMARK [3][-]{subsubsection.5.3.4.1}{\376\377\000c\000a\000l\000i\000b\000r\000a\000t\000i\000o\000n\000P\000a\000r\000a\000m\000e\000t\000e\000r\000s}{subsection.5.3.4}% 62
\BOOKMARK [3][-]{subsubsection.5.3.4.2}{\376\377\000c\000o\000o\000r\000d\000s}{subsection.5.3.4}% 63
\BOOKMARK [3][-]{subsubsection.5.3.4.3}{\376\377\000i\000m\000a\000g\000e}{subsection.5.3.4}% 64
\BOOKMARK [3][-]{subsubsection.5.3.4.4}{\376\377\000i\000m\000a\000g\000e\000S\000t\000a\000c\000k}{subsection.5.3.4}% 65
\BOOKMARK [3][-]{subsubsection.5.3.4.5}{\376\377\000m\000a\000i\000n\000W\000i\000n\000d\000o\000w}{subsection.5.3.4}% 66
\BOOKMARK [3][-]{subsubsection.5.3.4.6}{\376\377\000r\000o\000t\000a\000t\000i\000o\000n\000s}{subsection.5.3.4}% 67
\BOOKMARK [3][-]{subsubsection.5.3.4.7}{\376\377\000r\000o\000t\000a\000t\000i\000o\000n\000s\000\137\0002}{subsection.5.3.4}% 68
\BOOKMARK [3][-]{subsubsection.5.3.4.8}{\376\377\000t\000r\000a\000n\000s\000l\000a\000t\000i\000o\000n\000s}{subsection.5.3.4}% 69
\BOOKMARK [3][-]{subsubsection.5.3.4.9}{\376\377\000w\000o\000r\000k\000W\000i\000t\000h\000S\000t\000a\000c\000k}{subsection.5.3.4}% 70
\BOOKMARK [1][-]{section.5.4}{\376\377\000Q\000V\000T\000K\000I\000m\000a\000g\000e\000W\000i\000d\000g\000e\000t\000\040\000C\000l\000a\000s\000s\000\040\000R\000e\000f\000e\000r\000e\000n\000c\000e}{chapter.5}% 71
\BOOKMARK [2][-]{subsection.5.4.1}{\376\377\000D\000e\000t\000a\000i\000l\000e\000d\000\040\000D\000e\000s\000c\000r\000i\000p\000t\000i\000o\000n}{section.5.4}% 72
\BOOKMARK [2][-]{subsection.5.4.2}{\376\377\000C\000o\000n\000s\000t\000r\000u\000c\000t\000o\000r\000\040\000\046\000\040\000D\000e\000s\000t\000r\000u\000c\000t\000o\000r\000\040\000D\000o\000c\000u\000m\000e\000n\000t\000a\000t\000i\000o\000n}{section.5.4}% 73
\BOOKMARK [3][-]{subsubsection.5.4.2.1}{\376\377\000Q\000V\000T\000K\000I\000m\000a\000g\000e\000W\000i\000d\000g\000e\000t}{subsection.5.4.2}% 74
\BOOKMARK [3][-]{subsubsection.5.4.2.2}{\376\377\000Q\000V\000T\000K\000I\000m\000a\000g\000e\000W\000i\000d\000g\000e\000t}{subsection.5.4.2}% 75
\BOOKMARK [2][-]{subsection.5.4.3}{\376\377\000M\000e\000m\000b\000e\000r\000\040\000F\000u\000n\000c\000t\000i\000o\000n\000\040\000D\000o\000c\000u\000m\000e\000n\000t\000a\000t\000i\000o\000n}{section.5.4}% 76
\BOOKMARK [3][-]{subsubsection.5.4.3.1}{\376\377\000d\000i\000s\000p\000l\000a\000y\000I\000m\000a\000g\000e}{subsection.5.4.3}% 77
\BOOKMARK [3][-]{subsubsection.5.4.3.2}{\376\377\000d\000i\000s\000p\000l\000a\000y\000S\000e\000l\000e\000c\000t\000e\000d\000I\000m\000a\000g\000e}{subsection.5.4.3}% 78
\BOOKMARK [3][-]{subsubsection.5.4.3.3}{\376\377\000g\000e\000t\000I\000m\000a\000g\000e\000D\000i\000s\000p\000l\000a\000y\000e\000d\000I\000n\000d\000e\000x}{subsection.5.4.3}% 79
\BOOKMARK [3][-]{subsubsection.5.4.3.4}{\376\377\000g\000e\000t\000I\000m\000a\000g\000e\000H\000e\000i\000g\000t\000h}{subsection.5.4.3}% 80
\BOOKMARK [3][-]{subsubsection.5.4.3.5}{\376\377\000g\000e\000t\000I\000m\000a\000g\000e\000S\000i\000z\000e}{subsection.5.4.3}% 81
\BOOKMARK [3][-]{subsubsection.5.4.3.6}{\376\377\000g\000e\000t\000I\000m\000a\000g\000e\000S\000t\000a\000c\000k}{subsection.5.4.3}% 82
\BOOKMARK [3][-]{subsubsection.5.4.3.7}{\376\377\000g\000e\000t\000I\000m\000a\000g\000e\000T\000y\000p\000e}{subsection.5.4.3}% 83
\BOOKMARK [3][-]{subsubsection.5.4.3.8}{\376\377\000g\000e\000t\000I\000m\000a\000g\000e\000V\000i\000e\000w\000e\000r}{subsection.5.4.3}% 84
\BOOKMARK [3][-]{subsubsection.5.4.3.9}{\376\377\000g\000e\000t\000I\000m\000a\000g\000e\000W\000i\000d\000t\000h}{subsection.5.4.3}% 85
\BOOKMARK [3][-]{subsubsection.5.4.3.10}{\376\377\000g\000e\000t\000N\000u\000m\000O\000f\000D\000i\000m\000e\000s\000i\000o\000n\000s}{subsection.5.4.3}% 86
\BOOKMARK [3][-]{subsubsection.5.4.3.11}{\376\377\000g\000e\000t\000P\000i\000x\000e\000l\000T\000y\000p\000e}{subsection.5.4.3}% 87
\BOOKMARK [3][-]{subsubsection.5.4.3.12}{\376\377\000g\000e\000t\000Q\000V\000T\000K\000W\000i\000d\000g\000e\000t}{subsection.5.4.3}% 88
\BOOKMARK [3][-]{subsubsection.5.4.3.13}{\376\377\000g\000e\000t\000X\000P\000i\000c\000k\000e\000d}{subsection.5.4.3}% 89
\BOOKMARK [3][-]{subsubsection.5.4.3.14}{\376\377\000g\000e\000t\000Y\000P\000i\000c\000k\000e\000d}{subsection.5.4.3}% 90
\BOOKMARK [3][-]{subsubsection.5.4.3.15}{\376\377\000s\000e\000t\000A\000n\000d\000D\000i\000s\000p\000l\000a\000y\000I\000m\000a\000g\000e}{subsection.5.4.3}% 91
\BOOKMARK [3][-]{subsubsection.5.4.3.16}{\376\377\000s\000e\000t\000A\000n\000d\000D\000i\000s\000p\000l\000a\000y\000I\000m\000a\000g\000e}{subsection.5.4.3}% 92
\BOOKMARK [3][-]{subsubsection.5.4.3.17}{\376\377\000s\000e\000t\000A\000n\000d\000D\000i\000s\000p\000l\000a\000y\000M\000u\000l\000t\000i\000p\000l\000e\000I\000m\000a\000g\000e\000s}{subsection.5.4.3}% 93
\BOOKMARK [3][-]{subsubsection.5.4.3.18}{\376\377\000s\000e\000t\000A\000n\000d\000D\000i\000s\000p\000l\000a\000y\000M\000u\000l\000t\000i\000p\000l\000e\000I\000m\000a\000g\000e\000s}{subsection.5.4.3}% 94
\BOOKMARK [3][-]{subsubsection.5.4.3.19}{\376\377\000s\000e\000t\000I\000m\000a\000g\000e\000P\000r\000o\000p\000e\000r\000t\000i\000e\000s}{subsection.5.4.3}% 95
\BOOKMARK [3][-]{subsubsection.5.4.3.20}{\376\377\000s\000e\000t\000X\000P\000i\000c\000k\000e\000d}{subsection.5.4.3}% 96
\BOOKMARK [3][-]{subsubsection.5.4.3.21}{\376\377\000s\000e\000t\000Y\000P\000i\000c\000k\000e\000d}{subsection.5.4.3}% 97
\BOOKMARK [2][-]{subsection.5.4.4}{\376\377\000M\000e\000m\000b\000e\000r\000\040\000D\000a\000t\000a\000\040\000D\000o\000c\000u\000m\000e\000n\000t\000a\000t\000i\000o\000n}{section.5.4}% 98
\BOOKMARK [3][-]{subsubsection.5.4.4.1}{\376\377\000c\000o\000r\000n\000e\000r\000A\000n\000n\000o\000t\000a\000t\000i\000o\000n}{subsection.5.4.4}% 99
\BOOKMARK [3][-]{subsubsection.5.4.4.2}{\376\377\000i\000m\000a\000g\000e\000D\000i\000s\000p\000l\000a\000y\000e\000d\000I\000n\000d\000e\000x}{subsection.5.4.4}% 100
\BOOKMARK [3][-]{subsubsection.5.4.4.3}{\376\377\000i\000m\000a\000g\000e\000H\000e\000i\000g\000h\000t}{subsection.5.4.4}% 101
\BOOKMARK [3][-]{subsubsection.5.4.4.4}{\376\377\000i\000m\000a\000g\000e\000S\000t\000a\000c\000k}{subsection.5.4.4}% 102
\BOOKMARK [3][-]{subsubsection.5.4.4.5}{\376\377\000i\000m\000a\000g\000e\000T\000y\000p\000e}{subsection.5.4.4}% 103
\BOOKMARK [3][-]{subsubsection.5.4.4.6}{\376\377\000i\000m\000a\000g\000e\000V\000i\000e\000w\000e\000r}{subsection.5.4.4}% 104
\BOOKMARK [3][-]{subsubsection.5.4.4.7}{\376\377\000i\000m\000a\000g\000e\000W\000i\000d\000t\000h}{subsection.5.4.4}% 105
\BOOKMARK [3][-]{subsubsection.5.4.4.8}{\376\377\000i\000s\000I\000m\000a\000g\000e\000S\000t\000a\000c\000k\000L\000o\000a\000d\000e\000d}{subsection.5.4.4}% 106
\BOOKMARK [3][-]{subsubsection.5.4.4.9}{\376\377\000i\000t\000k\000I\000m\000a\000g\000e}{subsection.5.4.4}% 107
\BOOKMARK [3][-]{subsubsection.5.4.4.10}{\376\377\000n\000u\000m\000D\000i\000m\000e\000n\000s\000i\000o\000n\000s}{subsection.5.4.4}% 108
\BOOKMARK [3][-]{subsubsection.5.4.4.11}{\376\377\000p\000i\000x\000e\000l\000T\000y\000p\000e}{subsection.5.4.4}% 109
\BOOKMARK [3][-]{subsubsection.5.4.4.12}{\376\377\000q\000v\000t\000k\000W\000i\000d\000g\000e\000t}{subsection.5.4.4}% 110
\BOOKMARK [3][-]{subsubsection.5.4.4.13}{\376\377\000r\000e\000n\000d\000e\000r\000e\000r}{subsection.5.4.4}% 111
\BOOKMARK [3][-]{subsubsection.5.4.4.14}{\376\377\000r\000e\000n\000w\000i\000n}{subsection.5.4.4}% 112
\BOOKMARK [3][-]{subsubsection.5.4.4.15}{\376\377\000r\000g\000b\000I\000t\000k\000I\000m\000a\000g\000e}{subsection.5.4.4}% 113
\BOOKMARK [3][-]{subsubsection.5.4.4.16}{\376\377\000v\000t\000k\000I\000m\000a\000g\000e}{subsection.5.4.4}% 114
\BOOKMARK [3][-]{subsubsection.5.4.4.17}{\376\377\000x\000P\000i\000c\000k\000e\000d}{subsection.5.4.4}% 115
\BOOKMARK [3][-]{subsubsection.5.4.4.18}{\376\377\000x\000P\000o\000s\000i\000t\000i\000o\000n}{subsection.5.4.4}% 116
\BOOKMARK [3][-]{subsubsection.5.4.4.19}{\376\377\000y\000P\000i\000c\000k\000e\000d}{subsection.5.4.4}% 117
\BOOKMARK [3][-]{subsubsection.5.4.4.20}{\376\377\000y\000P\000o\000s\000i\000t\000i\000o\000n}{subsection.5.4.4}% 118
\BOOKMARK [1][-]{section.5.5}{\376\377\000Q\000V\000T\000K\000I\000m\000a\000g\000e\000W\000i\000d\000g\000e\000t\000C\000o\000m\000m\000a\000n\000d\000\040\000C\000l\000a\000s\000s\000\040\000R\000e\000f\000e\000r\000e\000n\000c\000e}{chapter.5}% 119
\BOOKMARK [2][-]{subsection.5.5.1}{\376\377\000D\000e\000t\000a\000i\000l\000e\000d\000\040\000D\000e\000s\000c\000r\000i\000p\000t\000i\000o\000n}{section.5.5}% 120
\BOOKMARK [2][-]{subsection.5.5.2}{\376\377\000C\000o\000n\000s\000t\000r\000u\000c\000t\000o\000r\000\040\000\046\000\040\000D\000e\000s\000t\000r\000u\000c\000t\000o\000r\000\040\000D\000o\000c\000u\000m\000e\000n\000t\000a\000t\000i\000o\000n}{section.5.5}% 121
\BOOKMARK [3][-]{subsubsection.5.5.2.1}{\376\377\000Q\000V\000T\000K\000I\000m\000a\000g\000e\000W\000i\000d\000g\000e\000t\000C\000o\000m\000m\000a\000n\000d}{subsection.5.5.2}% 122
\BOOKMARK [3][-]{subsubsection.5.5.2.2}{\376\377\000Q\000V\000T\000K\000I\000m\000a\000g\000e\000W\000i\000d\000g\000e\000t\000C\000o\000m\000m\000a\000n\000d}{subsection.5.5.2}% 123
\BOOKMARK [2][-]{subsection.5.5.3}{\376\377\000M\000e\000m\000b\000e\000r\000\040\000F\000u\000n\000c\000t\000i\000o\000n\000\040\000D\000o\000c\000u\000m\000e\000n\000t\000a\000t\000i\000o\000n}{section.5.5}% 124
\BOOKMARK [3][-]{subsubsection.5.5.3.1}{\376\377\000E\000x\000e\000c\000u\000t\000e}{subsection.5.5.3}% 125
\BOOKMARK [3][-]{subsubsection.5.5.3.2}{\376\377\000N\000e\000w}{subsection.5.5.3}% 126
\BOOKMARK [3][-]{subsubsection.5.5.3.3}{\376\377\000S\000e\000t\000A\000n\000n\000o\000t\000a\000t\000i\000o\000n}{subsection.5.5.3}% 127
\BOOKMARK [3][-]{subsubsection.5.5.3.4}{\376\377\000S\000e\000t\000I\000m\000a\000g\000e\000W\000i\000d\000g\000e\000t}{subsection.5.5.3}% 128
\BOOKMARK [3][-]{subsubsection.5.5.3.5}{\376\377\000S\000e\000t\000P\000i\000c\000k\000e\000r}{subsection.5.5.3}% 129
\BOOKMARK [2][-]{subsection.5.5.4}{\376\377\000M\000e\000m\000b\000e\000r\000\040\000D\000a\000t\000a\000\040\000D\000o\000c\000u\000m\000e\000n\000t\000a\000t\000i\000o\000n}{section.5.5}% 130
\BOOKMARK [3][-]{subsubsection.5.5.4.1}{\376\377\000A\000n\000n\000o\000t\000a\000t\000i\000o\000n}{subsection.5.5.4}% 131
\BOOKMARK [3][-]{subsubsection.5.5.4.2}{\376\377\000I\000m\000a\000g\000e\000W\000i\000d\000g\000e\000t}{subsection.5.5.4}% 132
\BOOKMARK [3][-]{subsubsection.5.5.4.3}{\376\377\000P\000i\000c\000k\000e\000r}{subsection.5.5.4}% 133
\BOOKMARK [0][-]{chapter.6}{\376\377\000F\000i\000l\000e\000\040\000D\000o\000c\000u\000m\000e\000n\000t\000a\000t\000i\000o\000n}{}% 134
\BOOKMARK [1][-]{section.6.1}{\376\377\000C\000a\000l\000i\000b\000r\000a\000t\000i\000o\000n\000.\000c\000p\000p\000\040\000F\000i\000l\000e\000\040\000R\000e\000f\000e\000r\000e\000n\000c\000e}{chapter.6}% 135
\BOOKMARK [1][-]{section.6.2}{\376\377\000C\000a\000l\000i\000b\000r\000a\000t\000i\000o\000n\000.\000h\000\040\000F\000i\000l\000e\000\040\000R\000e\000f\000e\000r\000e\000n\000c\000e}{chapter.6}% 136
\BOOKMARK [1][-]{section.6.3}{\376\377\000m\000a\000i\000n\000.\000c\000p\000p\000\040\000F\000i\000l\000e\000\040\000R\000e\000f\000e\000r\000e\000n\000c\000e}{chapter.6}% 137
\BOOKMARK [2][-]{subsection.6.3.1}{\376\377\000F\000u\000n\000c\000t\000i\000o\000n\000\040\000D\000o\000c\000u\000m\000e\000n\000t\000a\000t\000i\000o\000n}{section.6.3}% 138
\BOOKMARK [3][-]{subsubsection.6.3.1.1}{\376\377\000m\000a\000i\000n}{subsection.6.3.1}% 139
\BOOKMARK [1][-]{section.6.4}{\376\377\000m\000a\000i\000n\000w\000i\000n\000d\000o\000w\000.\000c\000p\000p\000\040\000F\000i\000l\000e\000\040\000R\000e\000f\000e\000r\000e\000n\000c\000e}{chapter.6}% 140
\BOOKMARK [1][-]{section.6.5}{\376\377\000m\000a\000i\000n\000w\000i\000n\000d\000o\000w\000.\000h\000\040\000F\000i\000l\000e\000\040\000R\000e\000f\000e\000r\000e\000n\000c\000e}{chapter.6}% 141
\BOOKMARK [1][-]{section.6.6}{\376\377\000P\000r\000o\000b\000e\000C\000a\000l\000i\000b\000r\000a\000t\000i\000o\000n\000W\000i\000d\000g\000e\000t\000.\000c\000p\000p\000\040\000F\000i\000l\000e\000\040\000R\000e\000f\000e\000r\000e\000n\000c\000e}{chapter.6}% 142
\BOOKMARK [2][-]{subsection.6.6.1}{\376\377\000V\000a\000r\000i\000a\000b\000l\000e\000\040\000D\000o\000c\000u\000m\000e\000n\000t\000a\000t\000i\000o\000n}{section.6.6}% 143
\BOOKMARK [3][-]{subsubsection.6.6.1.1}{\376\377\000s\000e\000t\000C\000o\000o\000r\000d\000s\000S\000i\000z\000e}{subsection.6.6.1}% 144
\BOOKMARK [1][-]{section.6.7}{\376\377\000P\000r\000o\000b\000e\000C\000a\000l\000i\000b\000r\000a\000t\000i\000o\000n\000W\000i\000d\000g\000e\000t\000.\000h\000\040\000F\000i\000l\000e\000\040\000R\000e\000f\000e\000r\000e\000n\000c\000e}{chapter.6}% 145
\BOOKMARK [1][-]{section.6.8}{\376\377\000Q\000V\000T\000K\000I\000m\000a\000g\000e\000W\000i\000d\000g\000e\000t\000.\000c\000p\000p\000\040\000F\000i\000l\000e\000\040\000R\000e\000f\000e\000r\000e\000n\000c\000e}{chapter.6}% 146
\BOOKMARK [1][-]{section.6.9}{\376\377\000Q\000V\000T\000K\000I\000m\000a\000g\000e\000W\000i\000d\000g\000e\000t\000.\000h\000\040\000F\000i\000l\000e\000\040\000R\000e\000f\000e\000r\000e\000n\000c\000e}{chapter.6}% 147
\BOOKMARK [2][-]{subsection.6.9.1}{\376\377\000T\000y\000p\000e\000d\000e\000f\000\040\000D\000o\000c\000u\000m\000e\000n\000t\000a\000t\000i\000o\000n}{section.6.9}% 148
\BOOKMARK [3][-]{subsubsection.6.9.1.1}{\376\377\000I\000m\000a\000g\000e\000T\000y\000p\000e}{subsection.6.9.1}% 149
\BOOKMARK [3][-]{subsubsection.6.9.1.2}{\376\377\000R\000G\000B\000I\000m\000a\000g\000e\000T\000y\000p\000e}{subsection.6.9.1}% 150
\BOOKMARK [3][-]{subsubsection.6.9.1.3}{\376\377\000R\000G\000B\000P\000i\000x\000e\000l\000T\000y\000p\000e}{subsection.6.9.1}% 151
\BOOKMARK [1][-]{section.6.10}{\376\377\000Q\000V\000T\000K\000I\000m\000a\000g\000e\000W\000i\000d\000g\000e\000t\000C\000o\000m\000m\000a\000n\000d\000.\000c\000p\000p\000\040\000F\000i\000l\000e\000\040\000R\000e\000f\000e\000r\000e\000n\000c\000e}{chapter.6}% 152
\BOOKMARK [1][-]{section.6.11}{\376\377\000Q\000V\000T\000K\000I\000m\000a\000g\000e\000W\000i\000d\000g\000e\000t\000C\000o\000m\000m\000a\000n\000d\000.\000h\000\040\000F\000i\000l\000e\000\040\000R\000e\000f\000e\000r\000e\000n\000c\000e}{chapter.6}% 153
